{"__type":"$$EventMessageAudit","id":"fa2dddc9-d2b2-4302-85bc-163fb4701ad5","ts":"2025-10-22T00:00:10.490+00:00","eventName":"n8n.audit.user.invited","message":"n8n.audit.user.invited","payload":{"userId":"fd28c001-bab2-4d27-bd75-9718ad9499f9","_email":"khayolima2001@gmail.com","_firstName":"Khayo","_lastName":"Lima","globalRole":"global:owner","targetUserId":["bee23ab7-fd22-4122-9310-2c68afc2d68e"]}}
{"__type":"$$EventMessageConfirm","confirm":"fa2dddc9-d2b2-4302-85bc-163fb4701ad5","ts":"2025-10-22T00:00:10.490+00:00","source":{"id":"0","name":"eventBus"}}
{"__type":"$$EventMessageAudit","id":"35ce3e17-4245-4710-87b4-bd65bd64e421","ts":"2025-10-22T00:01:51.594+00:00","eventName":"n8n.audit.user.signedup","message":"n8n.audit.user.signedup","payload":{"userId":"bee23ab7-fd22-4122-9310-2c68afc2d68e","_email":"elton.gao.267.ew@gmail.com","_firstName":"Elton","_lastName":"Willian","globalRole":"global:member"}}
{"__type":"$$EventMessageConfirm","confirm":"35ce3e17-4245-4710-87b4-bd65bd64e421","ts":"2025-10-22T00:01:51.594+00:00","source":{"id":"0","name":"eventBus"}}
{"__type":"$$EventMessageAudit","id":"7ccf9229-adde-49d2-9373-4b5ffdb3fe9a","ts":"2025-10-22T00:04:31.648+00:00","eventName":"n8n.audit.workflow.created","message":"n8n.audit.workflow.created","payload":{"userId":"fd28c001-bab2-4d27-bd75-9718ad9499f9","_email":"khayolima2001@gmail.com","_firstName":"Khayo","_lastName":"Lima","globalRole":"global:owner","workflowId":"QW1Pr2vAhgWZ6ZcV","workflowName":"My workflow"}}
{"__type":"$$EventMessageConfirm","confirm":"7ccf9229-adde-49d2-9373-4b5ffdb3fe9a","ts":"2025-10-22T00:04:31.648+00:00","source":{"id":"0","name":"eventBus"}}
{"__type":"$$EventMessageAudit","id":"b7924af4-4420-44e2-83aa-13fb56a3fb18","ts":"2025-10-22T00:04:48.347+00:00","eventName":"n8n.audit.workflow.updated","message":"n8n.audit.workflow.updated","payload":{"userId":"fd28c001-bab2-4d27-bd75-9718ad9499f9","_email":"khayolima2001@gmail.com","_firstName":"Khayo","_lastName":"Lima","globalRole":"global:owner","workflowId":"QW1Pr2vAhgWZ6ZcV","workflowName":"Advocacia_Belucco"}}
{"__type":"$$EventMessageConfirm","confirm":"b7924af4-4420-44e2-83aa-13fb56a3fb18","ts":"2025-10-22T00:04:48.347+00:00","source":{"id":"0","name":"eventBus"}}
{"__type":"$$EventMessageAudit","id":"002e1a9c-5544-4b1f-9ca2-38ce140304e0","ts":"2025-10-22T00:08:30.264+00:00","eventName":"n8n.audit.workflow.created","message":"n8n.audit.workflow.created","payload":{"userId":"bee23ab7-fd22-4122-9310-2c68afc2d68e","_email":"elton.gao.267.ew@gmail.com","_firstName":"Elton","_lastName":"Willian","globalRole":"global:member","workflowId":"knb6mwJp2EgYJAZZ","workflowName":"teste"}}
{"__type":"$$EventMessageConfirm","confirm":"002e1a9c-5544-4b1f-9ca2-38ce140304e0","ts":"2025-10-22T00:08:30.264+00:00","source":{"id":"0","name":"eventBus"}}
{"__type":"$$EventMessageAudit","id":"19fca594-a193-4be4-ad2d-f531227eb644","ts":"2025-10-22T00:08:37.990+00:00","eventName":"n8n.audit.workflow.updated","message":"n8n.audit.workflow.updated","payload":{"userId":"bee23ab7-fd22-4122-9310-2c68afc2d68e","_email":"elton.gao.267.ew@gmail.com","_firstName":"Elton","_lastName":"Willian","globalRole":"global:member","workflowId":"knb6mwJp2EgYJAZZ","workflowName":"teste"}}
{"__type":"$$EventMessageConfirm","confirm":"19fca594-a193-4be4-ad2d-f531227eb644","ts":"2025-10-22T00:08:37.990+00:00","source":{"id":"0","name":"eventBus"}}
{"__type":"$$EventMessageAudit","id":"04e473a5-c5d7-485f-b44a-667182fad886","ts":"2025-10-22T00:09:42.082+00:00","eventName":"n8n.audit.user.updated","message":"n8n.audit.user.updated","payload":{"userId":"fd28c001-bab2-4d27-bd75-9718ad9499f9","_email":"khayolima2001@gmail.com","_firstName":"Khayo","_lastName":"Lima","globalRole":"global:owner","fieldsChanged":["password"]}}
{"__type":"$$EventMessageConfirm","confirm":"04e473a5-c5d7-485f-b44a-667182fad886","ts":"2025-10-22T00:09:42.082+00:00","source":{"id":"0","name":"eventBus"}}
{"__type":"$$EventMessageAudit","id":"6ceaf535-7bf0-49bf-922a-c80cd75b5d18","ts":"2025-10-22T00:10:58.987+00:00","eventName":"n8n.audit.user.login.success","message":"n8n.audit.user.login.success","payload":{"userId":"fd28c001-bab2-4d27-bd75-9718ad9499f9","_email":"khayolima2001@gmail.com","_firstName":"Khayo","_lastName":"Lima","globalRole":"global:owner","authenticationMethod":"email"}}
{"__type":"$$EventMessageConfirm","confirm":"6ceaf535-7bf0-49bf-922a-c80cd75b5d18","ts":"2025-10-22T00:10:58.988+00:00","source":{"id":"0","name":"eventBus"}}
{"__type":"$$EventMessageAudit","id":"d5c4f4cf-a9b1-449c-96cf-1f9bafd1127e","ts":"2025-10-22T00:12:20.804+00:00","eventName":"n8n.audit.workflow.archived","message":"n8n.audit.workflow.archived","payload":{"userId":"fd28c001-bab2-4d27-bd75-9718ad9499f9","_email":"khayolima2001@gmail.com","_firstName":"Khayo","_lastName":"Lima","globalRole":"global:owner","workflowId":"QW1Pr2vAhgWZ6ZcV"}}
{"__type":"$$EventMessageConfirm","confirm":"d5c4f4cf-a9b1-449c-96cf-1f9bafd1127e","ts":"2025-10-22T00:12:20.804+00:00","source":{"id":"0","name":"eventBus"}}
{"__type":"$$EventMessageAudit","id":"762e185d-e5ad-4b8a-aa88-db68e4395024","ts":"2025-10-22T00:12:25.393+00:00","eventName":"n8n.audit.user.login.success","message":"n8n.audit.user.login.success","payload":{"userId":"bee23ab7-fd22-4122-9310-2c68afc2d68e","_email":"elton.gao.267.ew@gmail.com","_firstName":"Elton","_lastName":"Willian","globalRole":"global:member","authenticationMethod":"email"}}
{"__type":"$$EventMessageConfirm","confirm":"762e185d-e5ad-4b8a-aa88-db68e4395024","ts":"2025-10-22T00:12:25.393+00:00","source":{"id":"0","name":"eventBus"}}
{"__type":"$$EventMessageAudit","id":"f883c40c-a9a7-4fe5-8f1a-801e03139a81","ts":"2025-10-22T00:13:23.696+00:00","eventName":"n8n.audit.workflow.deleted","message":"n8n.audit.workflow.deleted","payload":{"userId":"fd28c001-bab2-4d27-bd75-9718ad9499f9","_email":"khayolima2001@gmail.com","_firstName":"Khayo","_lastName":"Lima","globalRole":"global:owner","workflowId":"QW1Pr2vAhgWZ6ZcV"}}
{"__type":"$$EventMessageConfirm","confirm":"f883c40c-a9a7-4fe5-8f1a-801e03139a81","ts":"2025-10-22T00:13:23.696+00:00","source":{"id":"0","name":"eventBus"}}
{"__type":"$$EventMessageAudit","id":"88f57c39-ea5f-4aad-bc7d-3484d0c8b221","ts":"2025-10-22T00:13:38.270+00:00","eventName":"n8n.audit.workflow.updated","message":"n8n.audit.workflow.updated","payload":{"userId":"bee23ab7-fd22-4122-9310-2c68afc2d68e","_email":"elton.gao.267.ew@gmail.com","_firstName":"Elton","_lastName":"Willian","globalRole":"global:member","workflowId":"knb6mwJp2EgYJAZZ","workflowName":"teste"}}
{"__type":"$$EventMessageConfirm","confirm":"88f57c39-ea5f-4aad-bc7d-3484d0c8b221","ts":"2025-10-22T00:13:38.270+00:00","source":{"id":"0","name":"eventBus"}}
{"__type":"$$EventMessageAudit","id":"2ea4eaa5-1e92-4d56-a500-b25b1a8c997d","ts":"2025-10-22T00:14:32.910+00:00","eventName":"n8n.audit.workflow.updated","message":"n8n.audit.workflow.updated","payload":{"userId":"bee23ab7-fd22-4122-9310-2c68afc2d68e","_email":"elton.gao.267.ew@gmail.com","_firstName":"Elton","_lastName":"Willian","globalRole":"global:member","workflowId":"knb6mwJp2EgYJAZZ","workflowName":"teste"}}
{"__type":"$$EventMessageConfirm","confirm":"2ea4eaa5-1e92-4d56-a500-b25b1a8c997d","ts":"2025-10-22T00:14:32.910+00:00","source":{"id":"0","name":"eventBus"}}
{"__type":"$$EventMessageAudit","id":"7798382c-0758-4a40-b0b1-b95322dcb861","ts":"2025-10-22T00:14:33.145+00:00","eventName":"n8n.audit.workflow.updated","message":"n8n.audit.workflow.updated","payload":{"userId":"bee23ab7-fd22-4122-9310-2c68afc2d68e","_email":"elton.gao.267.ew@gmail.com","_firstName":"Elton","_lastName":"Willian","globalRole":"global:member","workflowId":"knb6mwJp2EgYJAZZ","workflowName":"teste"}}
{"__type":"$$EventMessageConfirm","confirm":"7798382c-0758-4a40-b0b1-b95322dcb861","ts":"2025-10-22T00:14:33.145+00:00","source":{"id":"0","name":"eventBus"}}
{"__type":"$$EventMessageAudit","id":"f01089cb-467c-4a55-a717-31198682611f","ts":"2025-10-22T00:15:18.711+00:00","eventName":"n8n.audit.workflow.created","message":"n8n.audit.workflow.created","payload":{"userId":"fd28c001-bab2-4d27-bd75-9718ad9499f9","_email":"khayolima2001@gmail.com","_firstName":"Khayo","_lastName":"Lima","globalRole":"global:owner","workflowId":"uJ2KzW4SnD4tuaYj","workflowName":"Devolop_khayo"}}
{"__type":"$$EventMessageConfirm","confirm":"f01089cb-467c-4a55-a717-31198682611f","ts":"2025-10-22T00:15:18.711+00:00","source":{"id":"0","name":"eventBus"}}
{"__type":"$$EventMessageAudit","id":"2ef7270f-f0f8-40c9-89ab-2caf675f30f7","ts":"2025-10-22T00:15:49.535+00:00","eventName":"n8n.audit.workflow.updated","message":"n8n.audit.workflow.updated","payload":{"userId":"bee23ab7-fd22-4122-9310-2c68afc2d68e","_email":"elton.gao.267.ew@gmail.com","_firstName":"Elton","_lastName":"Willian","globalRole":"global:member","workflowId":"knb6mwJp2EgYJAZZ","workflowName":"Projeto Advocacia Beluco"}}
{"__type":"$$EventMessageConfirm","confirm":"2ef7270f-f0f8-40c9-89ab-2caf675f30f7","ts":"2025-10-22T00:15:49.535+00:00","source":{"id":"0","name":"eventBus"}}
{"__type":"$$EventMessageAudit","id":"89cef009-6a81-44ce-a17c-2c1b9cff27df","ts":"2025-10-22T00:18:25.869+00:00","eventName":"n8n.audit.package.installed","message":"n8n.audit.package.installed","payload":{"userId":"fd28c001-bab2-4d27-bd75-9718ad9499f9","_email":"khayolima2001@gmail.com","_firstName":"Khayo","_lastName":"Lima","globalRole":"global:owner","inputString":"n8n-nodes-waha","packageName":"n8n-nodes-waha","success":true,"packageNodeNames":["WAHA","WAHA Trigger"],"packageAuthor":"WAHA","packageAuthorEmail":"waha@devlike.pro"}}
{"__type":"$$EventMessageConfirm","confirm":"89cef009-6a81-44ce-a17c-2c1b9cff27df","ts":"2025-10-22T00:18:25.869+00:00","source":{"id":"0","name":"eventBus"}}
{"__type":"$$EventMessageWorkflow","id":"560a8a76-4479-40eb-a9df-f80ae8f3660f","ts":"2025-10-21T21:26:10.263-03:00","eventName":"n8n.workflow.started","message":"n8n.workflow.started","payload":{"executionId":"1","workflowId":"uJ2KzW4SnD4tuaYj","isManual":false,"workflowName":"Devolop_khayo"}}
{"__type":"$$EventMessageConfirm","confirm":"560a8a76-4479-40eb-a9df-f80ae8f3660f","ts":"2025-10-21T21:26:10.263-03:00","source":{"id":"0","name":"eventBus"}}
{"__type":"$$EventMessageNode","id":"8c062294-525b-4650-889a-b0616c48546c","ts":"2025-10-21T21:26:10.264-03:00","eventName":"n8n.node.started","message":"n8n.node.started","payload":{"workflowId":"uJ2KzW4SnD4tuaYj","workflowName":"Devolop_khayo","executionId":"1","nodeType":"n8n-nodes-base.webhook","nodeName":"Webhook","nodeId":"336baa52-6094-4e78-a35e-8cc2969d265c"}}
{"__type":"$$EventMessageConfirm","confirm":"8c062294-525b-4650-889a-b0616c48546c","ts":"2025-10-21T21:26:10.265-03:00","source":{"id":"0","name":"eventBus"}}
{"__type":"$$EventMessageNode","id":"f4838420-e0e6-4745-a2b7-41ace87df6d5","ts":"2025-10-21T21:26:10.265-03:00","eventName":"n8n.node.finished","message":"n8n.node.finished","payload":{"workflowId":"uJ2KzW4SnD4tuaYj","workflowName":"Devolop_khayo","executionId":"1","nodeType":"n8n-nodes-base.webhook","nodeName":"Webhook","nodeId":"336baa52-6094-4e78-a35e-8cc2969d265c"}}
{"__type":"$$EventMessageConfirm","confirm":"f4838420-e0e6-4745-a2b7-41ace87df6d5","ts":"2025-10-21T21:26:10.266-03:00","source":{"id":"0","name":"eventBus"}}
{"__type":"$$EventMessageWorkflow","id":"60cbc81f-a191-4847-9ad9-56b2fc5b790b","ts":"2025-10-21T21:26:10.268-03:00","eventName":"n8n.workflow.success","message":"n8n.workflow.success","payload":{"executionId":"1","success":true,"isManual":true,"workflowId":"uJ2KzW4SnD4tuaYj","workflowName":"Devolop_khayo"}}
{"__type":"$$EventMessageConfirm","confirm":"60cbc81f-a191-4847-9ad9-56b2fc5b790b","ts":"2025-10-21T21:26:10.268-03:00","source":{"id":"0","name":"eventBus"}}
{"__type":"$$EventMessageWorkflow","id":"b554fde3-464c-40e2-ae79-ff447096cba7","ts":"2025-10-21T21:31:20.280-03:00","eventName":"n8n.workflow.started","message":"n8n.workflow.started","payload":{"executionId":"2","workflowId":"uJ2KzW4SnD4tuaYj","isManual":false,"workflowName":"Devolop_khayo"}}
{"__type":"$$EventMessageConfirm","confirm":"b554fde3-464c-40e2-ae79-ff447096cba7","ts":"2025-10-21T21:31:20.280-03:00","source":{"id":"0","name":"eventBus"}}
{"__type":"$$EventMessageNode","id":"3221a3d2-17bf-4a0a-97a7-5c5b5a052a58","ts":"2025-10-21T21:31:20.281-03:00","eventName":"n8n.node.started","message":"n8n.node.started","payload":{"workflowId":"uJ2KzW4SnD4tuaYj","workflowName":"Devolop_khayo","executionId":"2","nodeType":"n8n-nodes-base.set","nodeName":"Data","nodeId":"d22bebf7-8d92-44d4-8493-fc0cc86de523"}}
{"__type":"$$EventMessageConfirm","confirm":"3221a3d2-17bf-4a0a-97a7-5c5b5a052a58","ts":"2025-10-21T21:31:20.281-03:00","source":{"id":"0","name":"eventBus"}}
{"__type":"$$EventMessageNode","id":"9f975b4a-a6a0-4e7b-85b9-84076dba1a24","ts":"2025-10-21T21:31:20.301-03:00","eventName":"n8n.node.finished","message":"n8n.node.finished","payload":{"workflowId":"uJ2KzW4SnD4tuaYj","workflowName":"Devolop_khayo","executionId":"2","nodeType":"n8n-nodes-base.set","nodeName":"Data","nodeId":"d22bebf7-8d92-44d4-8493-fc0cc86de523"}}
{"__type":"$$EventMessageConfirm","confirm":"9f975b4a-a6a0-4e7b-85b9-84076dba1a24","ts":"2025-10-21T21:31:20.301-03:00","source":{"id":"0","name":"eventBus"}}
{"__type":"$$EventMessageWorkflow","id":"79c7636e-dc79-4685-87da-b5497bd5b2d5","ts":"2025-10-21T21:31:20.303-03:00","eventName":"n8n.workflow.success","message":"n8n.workflow.success","payload":{"userId":"fd28c001-bab2-4d27-bd75-9718ad9499f9","executionId":"2","success":true,"isManual":true,"workflowId":"uJ2KzW4SnD4tuaYj","workflowName":"Devolop_khayo"}}
{"__type":"$$EventMessageConfirm","confirm":"79c7636e-dc79-4685-87da-b5497bd5b2d5","ts":"2025-10-21T21:31:20.303-03:00","source":{"id":"0","name":"eventBus"}}
{"__type":"$$EventMessageWorkflow","id":"a92b50b7-4b42-405b-9809-b15ed4daf535","ts":"2025-10-21T21:35:21.542-03:00","eventName":"n8n.workflow.failed","message":"n8n.workflow.failed","payload":{"userId":"fd28c001-bab2-4d27-bd75-9718ad9499f9","executionId":"3","success":false,"isManual":true,"workflowId":"uJ2KzW4SnD4tuaYj","workflowName":"Devolop_khayo","errorMessage":"The workflow has issues and cannot be executed for that reason. Please fix them first."}}
{"__type":"$$EventMessageConfirm","confirm":"a92b50b7-4b42-405b-9809-b15ed4daf535","ts":"2025-10-21T21:35:21.543-03:00","source":{"id":"0","name":"eventBus"}}
{"__type":"$$EventMessageWorkflow","id":"ba6b211d-606c-4070-8256-096b1130d8fd","ts":"2025-10-21T21:35:23.077-03:00","eventName":"n8n.workflow.failed","message":"n8n.workflow.failed","payload":{"userId":"fd28c001-bab2-4d27-bd75-9718ad9499f9","executionId":"4","success":false,"isManual":true,"workflowId":"uJ2KzW4SnD4tuaYj","workflowName":"Devolop_khayo","errorMessage":"The workflow has issues and cannot be executed for that reason. Please fix them first."}}
{"__type":"$$EventMessageConfirm","confirm":"ba6b211d-606c-4070-8256-096b1130d8fd","ts":"2025-10-21T21:35:23.077-03:00","source":{"id":"0","name":"eventBus"}}
{"__type":"$$EventMessageAudit","id":"32875b31-9105-40a0-a4c4-13f2d6254379","ts":"2025-10-21T21:41:50.922-03:00","eventName":"n8n.audit.user.credentials.created","message":"n8n.audit.user.credentials.created","payload":{"userId":"fd28c001-bab2-4d27-bd75-9718ad9499f9","_email":"khayolima2001@gmail.com","_firstName":"Khayo","_lastName":"Lima","globalRole":"global:owner","credentialType":"googlePalmApi","credentialId":"ML1wE4xqXBrKGyO9","publicApi":false,"projectId":"5w1bBSZq5RWYpOw2","projectType":"personal"}}
{"__type":"$$EventMessageConfirm","confirm":"32875b31-9105-40a0-a4c4-13f2d6254379","ts":"2025-10-21T21:41:50.922-03:00","source":{"id":"0","name":"eventBus"}}
{"__type":"$$EventMessageAudit","id":"a34003a0-02b7-49ff-8ef4-b7373172bab2","ts":"2025-10-21T21:43:43.430-03:00","eventName":"n8n.audit.workflow.updated","message":"n8n.audit.workflow.updated","payload":{"userId":"fd28c001-bab2-4d27-bd75-9718ad9499f9","_email":"khayolima2001@gmail.com","_firstName":"Khayo","_lastName":"Lima","globalRole":"global:owner","workflowId":"uJ2KzW4SnD4tuaYj","workflowName":"Devolop_khayo"}}
{"__type":"$$EventMessageConfirm","confirm":"a34003a0-02b7-49ff-8ef4-b7373172bab2","ts":"2025-10-21T21:43:43.430-03:00","source":{"id":"0","name":"eventBus"}}
{"__type":"$$EventMessageAudit","id":"00dacd66-4006-4be3-b4f1-8717b9f44e87","ts":"2025-10-21T21:44:24.005-03:00","eventName":"n8n.audit.user.login.success","message":"n8n.audit.user.login.success","payload":{"userId":"fd28c001-bab2-4d27-bd75-9718ad9499f9","_email":"khayolima2001@gmail.com","_firstName":"Khayo","_lastName":"Lima","globalRole":"global:owner","authenticationMethod":"email"}}
{"__type":"$$EventMessageConfirm","confirm":"00dacd66-4006-4be3-b4f1-8717b9f44e87","ts":"2025-10-21T21:44:24.005-03:00","source":{"id":"0","name":"eventBus"}}
